2023-05-08 10:51:43 [main] INFO  c.zl.boot.zlserver.ZlServerApplication(638): The following 1 profile is active: "dev"
2023-05-08 10:51:44 [main] INFO  o.ap.coyote.http11.Http11NioProtocol(173): Initializing ProtocolHandler ["http-nio-8716"]
2023-05-08 10:51:44 [main] INFO  o.ap.catalina.core.StandardService(173): Starting service [Tomcat]
2023-05-08 10:51:44 [main] INFO  o.ap.catalina.core.StandardEngine(173): Starting Servlet engine: [Apache Tomcat/10.1.7]
2023-05-08 10:51:44 [main] INFO  o.ap.catalina.core.ContainerBase.[Tomcat].[localhost].[/](173): Initializing Spring embedded WebApplicationContext
2023-05-08 10:51:44 [main] INFO  c.zl.boot.common.config.redis.RedisConfig(33): redis的hostName为：192.168.99.129
2023-05-08 10:51:44 [main] INFO  c.zl.boot.common.config.redis.RedisConfig(50): redisTemplate初始化完成org.springframework.data.redis.core.RedisTemplate@4b691611
2023-05-08 10:51:45 [main] INFO  c.zl.boot.common.config.rabbit.Producer(33): 加载MQ成功
2023-05-08 10:51:45 [main] WARN  o.sp.cloud.loadbalancer.config.LoadBalancerCacheAutoConfiguration$LoadBalancerCaffeineWarnLogger(94): Spring Cloud LoadBalancer is currently working with the default cache. While this cache implementation is useful for development and tests, it's recommended to use Caffeine cache in production.You can switch to using Caffeine cache, by adding it and org.springframework.cache.caffeine.CaffeineCacheManager to the classpath.
2023-05-08 10:51:45 [main] WARN  o.sp.core.LocalVariableTableParameterNameDiscoverer(123): Using deprecated '-debug' fallback for parameter name resolution. Compile the affected code with '-parameters' instead or avoid its introspection: org.springframework.amqp.rabbit.core.RabbitAdmin
2023-05-08 10:51:45 [main] INFO  o.ap.coyote.http11.Http11NioProtocol(173): Starting ProtocolHandler ["http-nio-8716"]
2023-05-08 10:51:45 [main] INFO  c.al.nacos.plugin.auth.spi.client.ClientAuthPluginManager(56): [ClientAuthPluginManager] Load ClientAuthService com.alibaba.nacos.client.auth.impl.NacosClientAuthServiceImpl success.
2023-05-08 10:51:45 [main] INFO  c.al.nacos.plugin.auth.spi.client.ClientAuthPluginManager(56): [ClientAuthPluginManager] Load ClientAuthService com.alibaba.nacos.client.auth.ram.RamClientAuthServiceImpl success.
2023-05-08 10:51:46 [main] INFO  c.al.cloud.nacos.registry.NacosServiceRegistry(76): nacos registry, DEFAULT_GROUP zl-server 192.168.30.241:8716 register finished
2023-05-08 10:51:47 [main] INFO  c.zl.boot.zlserver.ZlServerApplication(57): Started ZlServerApplication in 4.821 seconds (process running for 6.276)
2023-05-08 10:51:48 [pool-7-thread-1] INFO  c.zl.boot.banner.core.BannerApplicationRunner(22): 
    ____                                           __             ___             __             
   /\  _`\                                        /\ \__         /\_ \           /\ \__          
   \ \ \/\_\    ___     ___      __   _ __    __  \ \ ,_\  __  __\//\ \      __  \ \ ,_\    __   
    \ \ \/_/_  / __`\ /' _ `\  /'_ `\/\`'__\/'__`\ \ \ \/ /\ \/\ \ \ \ \   /'__`\ \ \ \/  /'__`\ 
     \ \ \L\ \/\ \L\ \/\ \/\ \/\ \L\ \ \ \//\ \L\.\_\ \ \_\ \ \_\ \ \_\ \_/\ \L\.\_\ \ \_/\  __/ 
      \ \____/\ \____/\ \_\ \_\ \____ \ \_\\ \__/.\_\\ \__\\ \____/ /\____\ \__/.\_\\ \__\ \____\
       \/___/  \/___/  \/_/\/_/\/___L\ \/_/ \/__/\/_/ \/__/ \/___/  \/____/\/__/\/_/ \/__/\/____/
                                 /\____/                                                         
                                 \_/__/                                                          

2023-05-08 10:51:50 [Thread-8] WARN  c.al.nacos.common.http.HttpClientBeanHolder(102): [HttpClientBeanHolder] Start destroying common HttpClient
2023-05-08 10:51:50 [Thread-5] WARN  c.al.nacos.common.notify.NotifyCenter(136): [NotifyCenter] Start destroying Publisher
2023-05-08 10:51:50 [Thread-5] WARN  c.al.nacos.common.notify.NotifyCenter(153): [NotifyCenter] Destruction of the end
2023-05-08 10:51:50 [Thread-8] WARN  c.al.nacos.common.http.HttpClientBeanHolder(111): [HttpClientBeanHolder] Destruction of the end
2023-05-08 10:51:51 [SpringApplicationShutdownHook] INFO  c.al.cloud.nacos.registry.NacosServiceRegistry(95): De-registering from Nacos Server now...
2023-05-08 10:51:51 [SpringApplicationShutdownHook] INFO  c.al.cloud.nacos.registry.NacosServiceRegistry(115): De-registration finished.
2023-05-08 10:51:51 [SpringApplicationShutdownHook] INFO  c.al.druid.pool.DruidDataSource(2138): {dataSource-0} closing ...
